#
# A fatal error has been detected by the Java Runtime Environment:
#
#  EXCEPTION_ACCESS_VIOLATION (0xc0000005) at pc=0x0000000053461fa1, pid=7236, tid=0x00000000000062a8
#
# JRE version: Java(TM) SE Runtime Environment (8.0_211-b12) (build 1.8.0_211-b12)
# Java VM: Java HotSpot(TM) 64-Bit Server VM (25.211-b12 mixed mode windows-amd64 compressed oops)
# Problematic frame:
# V  [jvm.dll+0x1a1fa1]
#
# Failed to write core dump. Minidumps are not enabled by default on client versions of Windows
#
# If you would like to submit a bug report, please visit:
#   http://bugreport.java.com/bugreport/crash.jsp
#

---------------  T H R E A D  ---------------

Current thread (0x0000000017bfa800):  JavaThread "JDWP Transport Listener: dt_socket" daemon [_thread_in_vm, id=25256, stack(0x0000000019500000,0x0000000019600000)]

siginfo: ExceptionCode=0xc0000005, reading address 0x0000000017646f58

Registers:
RAX=0x0000000017646f58, RBX=0x00000000000000b6, RCX=0x000000000002a100, RDX=0x0000000000001508
RSP=0x00000000195ff200, RBP=0x0000000000000003, RSI=0x000000001761b2a9, RDI=0x00000000190a4479
R8 =0x0000000000000000, R9 =0x0000000000000004, R10=0x0000000000000004, R11=0x00000000190a447a
R12=0x0000000000000001, R13=0x00000000195ff2c0, R14=0x00000000000000c4, R15=0x0000000000000000
RIP=0x0000000053461fa1, EFLAGS=0x0000000000010206

Top of Stack: (sp=0x00000000195ff200)
0x00000000195ff200:   00000000000000b6 0000000000000003
0x00000000195ff210:   000000001761b2a6 000000001761b2a6
0x00000000195ff220:   000000001761b6e0 0000000017bfa800
0x00000000195ff230:   000000001761b6e0 0000000017bfa800
0x00000000195ff240:   000000001761b6e0 0000000017bfa800
0x00000000195ff250:   0000038c00000389 000000b600000503
0x00000000195ff260:   0000000019040000 00000000000000b6
0x00000000195ff270:   0000000000000000 0000000017bfefb8
0x00000000195ff280:   00000000195ff3c0 0000000018f15710
0x00000000195ff290:   0000000017bfa800 000000005346c0ba
0x00000000195ff2a0:   0000000000000012 000000001761b6e0
0x00000000195ff2b0:   00000000195ff3c8 0000000053613752
0x00000000195ff2c0:   000000001761b6e0 0000000017bfa800
0x00000000195ff2d0:   0000000017bfa800 0000000018f11060
0x00000000195ff2e0:   0000000017bf8cb0 0000000017bf8cc0
0x00000000195ff2f0:   0000000017bf8d98 00000000000000d8 

Instructions: (pc=0x0000000053461fa1)
0x0000000053461f81:   16 49 8b 45 00 45 32 c0 48 8b 48 08 48 8b 41 08
0x0000000053461f91:   48 8b ca 48 8b 40 10 48 c1 e1 05 48 8d 44 08 10
0x0000000053461fa1:   48 8b 00 0f b7 c8 89 8c 24 a0 00 00 00 0f b6 d1
0x0000000053461fb1:   0f b6 84 24 a1 00 00 00 66 c1 e2 08 66 0b d0 66 


Register to memory mapping:

RAX=0x0000000017646f58 is an unknown value
RBX=0x00000000000000b6 is an unknown value
RCX=0x000000000002a100 is an unknown value
RDX=0x0000000000001508 is an unknown value
RSP=0x00000000195ff200 is pointing into the stack for thread: 0x0000000017bfa800
RBP=0x0000000000000003 is an unknown value
RSI=0x000000001761b2a9 is pointing into metadata
RDI=0x00000000190a4479 is an unknown value
R8 =0x0000000000000000 is an unknown value
R9 =0x0000000000000004 is an unknown value
R10=0x0000000000000004 is an unknown value
R11=0x00000000190a447a is an unknown value
R12=0x0000000000000001 is an unknown value
R13=0x00000000195ff2c0 is pointing into the stack for thread: 0x0000000017bfa800
R14=0x00000000000000c4 is an unknown value
R15=0x0000000000000000 is an unknown value


Stack: [0x0000000019500000,0x0000000019600000],  sp=0x00000000195ff200,  free space=1020k
Native frames: (J=compiled Java code, j=interpreted, Vv=VM code, C=native code)
V  [jvm.dll+0x1a1fa1]
V  [jvm.dll+0x1ac0ba]
V  [jvm.dll+0x353319]
C  [jdwp.dll+0x44b6]
C  [jdwp.dll+0xf15d]
C  [jdwp.dll+0x1f5c9]
C  [jdwp.dll+0x1f79e]
V  [jvm.dll+0x1be6da]
V  [jvm.dll+0x2466ff]
V  [jvm.dll+0x29fc6a]
C  [msvcr100.dll+0x21d9f]
C  [msvcr100.dll+0x21e3b]
C  [KERNEL32.DLL+0x17bd4]
C  [ntdll.dll+0x6ced1]


---------------  P R O C E S S  ---------------

Java Threads: ( => current thread )
  0x0000000018ffa800 JavaThread "Service Thread" daemon [_thread_blocked, id=28836, stack(0x0000000019b00000,0x0000000019c00000)]
  0x0000000018ff4800 JavaThread "C1 CompilerThread2" daemon [_thread_blocked, id=28992, stack(0x0000000019a00000,0x0000000019b00000)]
  0x0000000018f96000 JavaThread "C2 CompilerThread1" daemon [_thread_blocked, id=17432, stack(0x0000000019900000,0x0000000019a00000)]
  0x0000000018f99000 JavaThread "C2 CompilerThread0" daemon [_thread_blocked, id=19528, stack(0x0000000019800000,0x0000000019900000)]
  0x0000000018f20000 JavaThread "JDWP Command Reader" daemon [_thread_in_native, id=23704, stack(0x0000000019700000,0x0000000019800000)]
  0x0000000018f19000 JavaThread "JDWP Event Helper Thread" daemon [_thread_blocked, id=13304, stack(0x0000000019600000,0x0000000019700000)]
=>0x0000000017bfa800 JavaThread "JDWP Transport Listener: dt_socket" daemon [_thread_in_vm, id=25256, stack(0x0000000019500000,0x0000000019600000)]
  0x0000000017bf5800 JavaThread "Attach Listener" daemon [_thread_blocked, id=30000, stack(0x0000000019400000,0x0000000019500000)]
  0x0000000017bb1000 JavaThread "Signal Dispatcher" daemon [_thread_blocked, id=25084, stack(0x0000000019300000,0x0000000019400000)]
  0x0000000003068800 JavaThread "Finalizer" daemon [_thread_blocked, id=24428, stack(0x0000000018e00000,0x0000000018f00000)]
  0x0000000003063000 JavaThread "Reference Handler" daemon [_thread_blocked, id=18700, stack(0x0000000018d00000,0x0000000018e00000)]
  0x0000000002f73800 JavaThread "main" [_thread_blocked, id=18464, stack(0x0000000002c80000,0x0000000002d80000)]

Other Threads:
  0x0000000017b68000 VMThread [stack: 0x0000000018c00000,0x0000000018d00000] [id=6276]
  0x0000000018f7c800 WatcherThread [stack: 0x0000000019c00000,0x0000000019d00000] [id=2896]

VM state:not at safepoint (normal execution)

VM Mutex/Monitor currently owned by a thread: None

heap address: 0x0000000081c00000, size: 2020 MB, Compressed Oops mode: 32-bit
Narrow klass base: 0x0000000000000000, Narrow klass shift: 3
Compressed class space size: 1073741824 Address: 0x0000000100000000

Heap:
 PSYoungGen      total 38400K, used 3331K [0x00000000d5f00000, 0x00000000d8980000, 0x0000000100000000)
  eden space 33280K, 10% used [0x00000000d5f00000,0x00000000d6240d28,0x00000000d7f80000)
  from space 5120K, 0% used [0x00000000d8480000,0x00000000d8480000,0x00000000d8980000)
  to   space 5120K, 0% used [0x00000000d7f80000,0x00000000d7f80000,0x00000000d8480000)
 ParOldGen       total 87552K, used 0K [0x0000000081c00000, 0x0000000087180000, 0x00000000d5f00000)
  object space 87552K, 0% used [0x0000000081c00000,0x0000000081c00000,0x0000000087180000)
 Metaspace       used 3337K, capacity 4664K, committed 4864K, reserved 1056768K
  class space    used 352K, capacity 424K, committed 512K, reserved 1048576K

Card table byte_map: [0x0000000012430000,0x0000000012830000] byte_map_base: 0x0000000012022000

Marking Bits: (ParMarkBitMap*) 0x0000000053ae5ce0
 Begin Bits: [0x0000000012ee0000, 0x0000000014e70000)
 End Bits:   [0x0000000014e70000, 0x0000000016e00000)

Polling page: 0x0000000000f90000

CodeCache: size=245760Kb used=1130Kb max_used=1130Kb free=244629Kb
 bounds [0x0000000003070000, 0x00000000032e0000, 0x0000000012070000]
 total_blobs=279 nmethods=37 adapters=163
 compilation: enabled

Compilation events (10 events):
Event: 70.525 Thread 0x0000000018ff4800   33       1       java.nio.Buffer::position (5 bytes)
Event: 70.525 Thread 0x0000000018ff4800 nmethod 33 0x000000000318a8d0 code [0x000000000318aa20, 0x000000000318ab30]
Event: 70.525 Thread 0x0000000018ff4800   34       3       java.nio.ByteBuffer::arrayOffset (35 bytes)
Event: 70.525 Thread 0x0000000018ff4800 nmethod 34 0x000000000318a310 code [0x000000000318a4a0, 0x000000000318a798]
Event: 70.526 Thread 0x0000000018ff4800   35       3       java.lang.String::<init> (82 bytes)
Event: 70.526 Thread 0x0000000018ff4800 nmethod 35 0x00000000031898d0 code [0x0000000003189aa0, 0x0000000003189fd8]
Event: 70.526 Thread 0x0000000018ff4800   36       3       java.nio.CharBuffer::arrayOffset (35 bytes)
Event: 70.527 Thread 0x0000000018ff4800 nmethod 36 0x0000000003189310 code [0x00000000031894a0, 0x0000000003189798]
Event: 70.527 Thread 0x0000000018ff4800   37       1       java.nio.Buffer::limit (5 bytes)
Event: 70.527 Thread 0x0000000018ff4800 nmethod 37 0x000000000318b110 code [0x000000000318b260, 0x000000000318b370]

GC Heap History (0 events):
No events

Deoptimization events (0 events):
No events

Classes redefined (5 events):
Event: 400.750 Thread 0x0000000017b68000 redefined class name=BOJ.BOJ15684, count=1
Event: 469.378 Thread 0x0000000017b68000 redefined class name=BOJ.BOJ15684, count=2
Event: 723.981 Thread 0x0000000017b68000 redefined class name=BOJ.BOJ15684, count=3
Event: 844.156 Thread 0x0000000017b68000 redefined class name=BOJ.BOJ15684, count=4
Event: 1151.609 Thread 0x0000000017b68000 redefined class name=BOJ.BOJ15684, count=5

Internal exceptions (2 events):
Event: 0.235 Thread 0x0000000002f73800 Exception <a 'java/lang/NoSuchMethodError': Method sun.misc.Unsafe.defineClass(Ljava/lang/String;[BII)Ljava/lang/Class; name or signature does not match> (0x00000000d5f07cb0) thrown at [C:\re\workspace\8-2-build-windows-amd64-cygwin\jdk8u211\12973\hotspot
Event: 0.235 Thread 0x0000000002f73800 Exception <a 'java/lang/NoSuchMethodError': Method sun.misc.Unsafe.prefetchRead(Ljava/lang/Object;J)V name or signature does not match> (0x00000000d5f07f98) thrown at [C:\re\workspace\8-2-build-windows-amd64-cygwin\jdk8u211\12973\hotspot\src\share\vm\prim

Events (10 events):
Event: 1911.349 Executing VM operation: ChangeBreakpoints
Event: 1911.350 Executing VM operation: ChangeBreakpoints done
Event: 1911.352 Executing VM operation: ChangeBreakpoints
Event: 1911.352 Executing VM operation: ChangeBreakpoints done
Event: 1911.353 Executing VM operation: ChangeBreakpoints
Event: 1911.353 Executing VM operation: ChangeBreakpoints done
Event: 1911.355 Executing VM operation: ChangeBreakpoints
Event: 1911.356 Executing VM operation: ChangeBreakpoints done
Event: 1911.657 Executing VM operation: ChangeBreakpoints
Event: 1911.657 Executing VM operation: ChangeBreakpoints done


Dynamic libraries:
0x00007ff7a6640000 - 0x00007ff7a6677000 	C:\Program Files\Java\jdk1.8.0_211\bin\java.exe
0x00007ffc768c0000 - 0x00007ffc76ab0000 	C:\WINDOWS\SYSTEM32\ntdll.dll
0x00007ffc75600000 - 0x00007ffc756b2000 	C:\WINDOWS\System32\KERNEL32.DLL
0x00007ffc73af0000 - 0x00007ffc73d93000 	C:\WINDOWS\System32\KERNELBASE.dll
0x00007ffc74a90000 - 0x00007ffc74b33000 	C:\WINDOWS\System32\ADVAPI32.dll
0x00007ffc76170000 - 0x00007ffc7620e000 	C:\WINDOWS\System32\msvcrt.dll
0x00007ffc75bf0000 - 0x00007ffc75c87000 	C:\WINDOWS\System32\sechost.dll
0x00007ffc74970000 - 0x00007ffc74a90000 	C:\WINDOWS\System32\RPCRT4.dll
0x00007ffc76570000 - 0x00007ffc76704000 	C:\WINDOWS\System32\USER32.dll
0x00007ffc73da0000 - 0x00007ffc73dc1000 	C:\WINDOWS\System32\win32u.dll
0x00007ffc75a90000 - 0x00007ffc75ab6000 	C:\WINDOWS\System32\GDI32.dll
0x00007ffc73870000 - 0x00007ffc73a04000 	C:\WINDOWS\System32\gdi32full.dll
0x00007ffc74850000 - 0x00007ffc748ee000 	C:\WINDOWS\System32\msvcp_win.dll
0x00007ffc74750000 - 0x00007ffc7484a000 	C:\WINDOWS\System32\ucrtbase.dll
0x00007ffc60de0000 - 0x00007ffc61065000 	C:\WINDOWS\WinSxS\amd64_microsoft.windows.common-controls_6595b64144ccf1df_6.0.18362.720_none_e6beb5c51314836b\COMCTL32.dll
0x00007ffc74b40000 - 0x00007ffc74e76000 	C:\WINDOWS\System32\combase.dll
0x00007ffc748f0000 - 0x00007ffc74970000 	C:\WINDOWS\System32\bcryptPrimitives.dll
0x00007ffc755d0000 - 0x00007ffc755fe000 	C:\WINDOWS\System32\IMM32.DLL
0x0000000055130000 - 0x0000000055202000 	C:\Program Files\Java\jdk1.8.0_211\jre\bin\msvcr100.dll
0x00000000532c0000 - 0x0000000053b65000 	C:\Program Files\Java\jdk1.8.0_211\jre\bin\server\jvm.dll
0x00007ffc76870000 - 0x00007ffc76878000 	C:\WINDOWS\System32\PSAPI.DLL
0x00007ffc56b30000 - 0x00007ffc56b39000 	C:\WINDOWS\SYSTEM32\WSOCK32.dll
0x00007ffc75c90000 - 0x00007ffc75cff000 	C:\WINDOWS\System32\WS2_32.dll
0x00007ffc712a0000 - 0x00007ffc712c4000 	C:\WINDOWS\SYSTEM32\WINMM.dll
0x00007ffc67be0000 - 0x00007ffc67bea000 	C:\WINDOWS\SYSTEM32\VERSION.dll
0x00007ffc71270000 - 0x00007ffc7129d000 	C:\WINDOWS\SYSTEM32\WINMMBASE.dll
0x00007ffc73a10000 - 0x00007ffc73a5a000 	C:\WINDOWS\System32\cfgmgr32.dll
0x00007ffc6e100000 - 0x00007ffc6e10f000 	C:\Program Files\Java\jdk1.8.0_211\jre\bin\verify.dll
0x00007ffc6d240000 - 0x00007ffc6d269000 	C:\Program Files\Java\jdk1.8.0_211\jre\bin\java.dll
0x00007ffc69860000 - 0x00007ffc69895000 	C:\Program Files\Java\jdk1.8.0_211\jre\bin\jdwp.dll
0x00007ffc71780000 - 0x00007ffc71788000 	C:\Program Files\Java\jdk1.8.0_211\jre\bin\npt.dll
0x00007ffc62e00000 - 0x00007ffc62e23000 	C:\Program Files\Java\jdk1.8.0_211\jre\bin\instrument.dll
0x00007ffc6d600000 - 0x00007ffc6d616000 	C:\Program Files\Java\jdk1.8.0_211\jre\bin\zip.dll
0x00007ffc74ee0000 - 0x00007ffc755c5000 	C:\WINDOWS\System32\SHELL32.dll
0x00007ffc762e0000 - 0x00007ffc76389000 	C:\WINDOWS\System32\shcore.dll
0x00007ffc73fd0000 - 0x00007ffc74750000 	C:\WINDOWS\System32\windows.storage.dll
0x00007ffc73820000 - 0x00007ffc73843000 	C:\WINDOWS\System32\profapi.dll
0x00007ffc737b0000 - 0x00007ffc737fa000 	C:\WINDOWS\System32\powrprof.dll
0x00007ffc73780000 - 0x00007ffc73790000 	C:\WINDOWS\System32\UMPDC.dll
0x00007ffc74e80000 - 0x00007ffc74ed2000 	C:\WINDOWS\System32\shlwapi.dll
0x00007ffc73790000 - 0x00007ffc737a1000 	C:\WINDOWS\System32\kernel.appcore.dll
0x00007ffc73850000 - 0x00007ffc73867000 	C:\WINDOWS\System32\cryptsp.dll
0x00007ffc70280000 - 0x00007ffc70289000 	C:\Program Files\Java\jdk1.8.0_211\jre\bin\dt_socket.dll
0x00007ffc72f90000 - 0x00007ffc72ff7000 	C:\WINDOWS\system32\mswsock.dll
0x00007ffc58570000 - 0x00007ffc58764000 	C:\WINDOWS\SYSTEM32\dbghelp.dll

VM Arguments:
jvm_args: -agentlib:jdwp=transport=dt_socket,address=127.0.0.1:9363,suspend=y,server=n -javaagent:C:\Users\Owner\.IntelliJIdea2018.2\system\captureAgent\debugger-agent.jar=file:/C:/Users/Owner/AppData/Local/Temp/capture.props -Dfile.encoding=UTF-8 
java_command: BOJ.BOJ15684
java_class_path (initial): C:\Program Files\Java\jdk1.8.0_211\jre\lib\charsets.jar;C:\Program Files\Java\jdk1.8.0_211\jre\lib\deploy.jar;C:\Program Files\Java\jdk1.8.0_211\jre\lib\ext\access-bridge-64.jar;C:\Program Files\Java\jdk1.8.0_211\jre\lib\ext\cldrdata.jar;C:\Program Files\Java\jdk1.8.0_211\jre\lib\ext\dnsns.jar;C:\Program Files\Java\jdk1.8.0_211\jre\lib\ext\jaccess.jar;C:\Program Files\Java\jdk1.8.0_211\jre\lib\ext\jfxrt.jar;C:\Program Files\Java\jdk1.8.0_211\jre\lib\ext\localedata.jar;C:\Program Files\Java\jdk1.8.0_211\jre\lib\ext\nashorn.jar;C:\Program Files\Java\jdk1.8.0_211\jre\lib\ext\sunec.jar;C:\Program Files\Java\jdk1.8.0_211\jre\lib\ext\sunjce_provider.jar;C:\Program Files\Java\jdk1.8.0_211\jre\lib\ext\sunmscapi.jar;C:\Program Files\Java\jdk1.8.0_211\jre\lib\ext\sunpkcs11.jar;C:\Program Files\Java\jdk1.8.0_211\jre\lib\ext\zipfs.jar;C:\Program Files\Java\jdk1.8.0_211\jre\lib\javaws.jar;C:\Program Files\Java\jdk1.8.0_211\jre\lib\jce.jar;C:\Program Files\Java\jdk1.8.0_211\jre\lib\jfr.jar;C:\Program Files\Java\jdk1.8.0_211\jre\lib\jfxswt.jar;C:\Program Files\Java\jdk1.8.0_211\jre\lib\jsse.jar;C:\Program Files\Java\jdk1.8.0_211\jre\lib\management-agent.jar;C:\Program Files\Java\jdk1.8.0_211\jre\lib\plugin.jar;C:\Program Files\Java\jdk1.8.0_211\jre\lib\resources.jar;C:\Program Files\Java\jdk1.8.0_211\jre\lib\rt.jar;C:\Users\Owner\Desktop\seobseob\SeobGit\HelloWorld\ProblemSolving\out\production\ProblemSolving;C:\Program Files\JetBrains\IntelliJ IDEA 2018.2.5\lib\idea_rt.jar;C:\Users\Owner\.IntelliJIdea2018.2\system\captureAgent\debugger-agent.jar
Launcher Type: SUN_STANDARD

Environment Variables:
JAVA_HOME=C:\Program Files\Java\jdk-11.0.1
PATH=C:\app\Owner\product\11.2.0\dbhome_1\bin;C:\app\Owner\virtual\product\12.2.0\dbhome_2\bin;C:\app\Owner\virtual\product\12.2.0\dbhome_1\bin;C:\Program Files (x86)\Common Files\Oracle\Java\javapath;C:\Program Files (x86)\NAT Service;C:\ProgramData\Boxstarter;C:\Program Files (x86)\Intel\iCLS Client\;C:\Program Files\Intel\iCLS Client\;C:\WINDOWS\system32;C:\WINDOWS;C:\WINDOWS\System32\Wbem;C:\WINDOWS\System32\WindowsPowerShell\v1.0\;C:\Program Files\Intel\Intel(R) Management Engine Components\DAL;C:\Program Files\Intel\Intel(R) Management Engine Components\IPT;C:\Program Files (x86)\Intel\Intel(R) Management Engine Components\DAL;C:\Program Files (x86)\Intel\Intel(R) Management Engine Components\IPT;C:\Program Files\Samsung\AllShare Framework DMS\1.3.23\;C:\Program Files\Samsung\AllShare Framework DMS\1.3.23\64bit\;C:\WINDOWS\System32\OpenSSH\;C:\ProgramData\chocolatey\bin;C:\Program Files\Git\cmd;C:\Program Files (x86)\Brackets\command;C:\Program Files\nodejs\;C:\Program Files\MongoDB\Server\4.0\bin;C:\Program Files\Java\jdk-11.0.1\bin;C:\Apache24\bin;;C:\WINDOWS\system32;C:\WINDOWS;C:\WINDOWS\System32\Wbem;C:\WINDOWS\System32\WindowsPowerShell\v1.0\;C:\WINDOWS\System32\OpenSSH\;C:\Users\Owner\AppData\Local\Microsoft\WindowsApps;C:\Program Files\Bandizip\;C:\Users\Owner\AppData\Local\Programs\Microsoft VS Code\bin;C:\Users\Owner\AppData\Local\GitHubDesktop\bin;C:\Users\Owner\AppData\Roaming\npm;%USERPROFILE%\AppData\Local\Microsoft\WindowsApps;
USERNAME=Owner
OS=Windows_NT
PROCESSOR_IDENTIFIER=Intel64 Family 6 Model 58 Stepping 9, GenuineIntel



---------------  S Y S T E M  ---------------

OS: Windows 10.0 , 64 bit Build 18362 (10.0.18362.329)

CPU:total 4 (initial active 4) (2 cores per cpu, 2 threads per core) family 6 model 58 stepping 9, cmov, cx8, fxsr, mmx, sse, sse2, sse3, ssse3, sse4.1, sse4.2, popcnt, avx, clmul, erms, ht, tsc, tscinvbit, tscinv

Memory: 4k page, physical 8271496k(2156252k free), swap 16542992k(7024836k free)

vm_info: Java HotSpot(TM) 64-Bit Server VM (25.211-b12) for windows-amd64 JRE (1.8.0_211-b12), built on Apr  1 2019 20:53:26 by "java_re" with MS VC++ 10.0 (VS2010)

time: Tue Mar 31 03:54:57 2020
timezone: 대한민국 표준시
elapsed time: 1912 seconds (0d 0h 31m 52s)

